==155667== Memcheck, a memory error detector
==155667== Copyright (C) 2002-2017, and GNU GPL'd, by Julian Seward et al.
==155667== Using Valgrind-3.17.0 and LibVEX; rerun with -h for copyright info
==155667== Command: ./roap small25.in
==155667== Parent PID: 155310
==155667== 
==155667== 
==155667== HEAP SUMMARY:
==155667==     in use at exit: 6,496 bytes in 24 blocks
==155667==   total heap usage: 196,679 allocs, 196,655 frees, 3,655,291 bytes allocated
==155667== 
==155667== 204 bytes in 1 blocks are definitely lost in loss record 1 of 9
==155667==    at 0x48435FF: calloc (vg_replace_malloc.c:1117)
==155667==    by 0x10D3CA: getGraph (readFinalInputFile.c:487)
==155667==    by 0x10EEFF: experimental (readFinalInputFile.c:901)
==155667==    by 0x10BDEC: readFinalInputFile (readFinalInputFile.c:101)
==155667==    by 0x10B4B9: main (main.c:19)
==155667== 
==155667== 204 bytes in 1 blocks are definitely lost in loss record 2 of 9
==155667==    at 0x48435FF: calloc (vg_replace_malloc.c:1117)
==155667==    by 0x10D3CA: getGraph (readFinalInputFile.c:487)
==155667==    by 0x10EEFF: experimental (readFinalInputFile.c:901)
==155667==    by 0x10BDEC: readFinalInputFile (readFinalInputFile.c:101)
==155667==    by 0x10BE2C: readFinalInputFile (readFinalInputFile.c:115)
==155667==    by 0x10B4B9: main (main.c:19)
==155667== 
==155667== 204 bytes in 1 blocks are definitely lost in loss record 3 of 9
==155667==    at 0x48435FF: calloc (vg_replace_malloc.c:1117)
==155667==    by 0x10D3CA: getGraph (readFinalInputFile.c:487)
==155667==    by 0x10EEFF: experimental (readFinalInputFile.c:901)
==155667==    by 0x10BDEC: readFinalInputFile (readFinalInputFile.c:101)
==155667==    by 0x10BE2C: readFinalInputFile (readFinalInputFile.c:115)
==155667==    by 0x10BE2C: readFinalInputFile (readFinalInputFile.c:115)
==155667==    by 0x10B4B9: main (main.c:19)
==155667== 
==155667== 204 bytes in 1 blocks are definitely lost in loss record 4 of 9
==155667==    at 0x48435FF: calloc (vg_replace_malloc.c:1117)
==155667==    by 0x10D3CA: getGraph (readFinalInputFile.c:487)
==155667==    by 0x10EEFF: experimental (readFinalInputFile.c:901)
==155667==    by 0x10BDEC: readFinalInputFile (readFinalInputFile.c:101)
==155667==    by 0x10BE2C: readFinalInputFile (readFinalInputFile.c:115)
==155667==    by 0x10BE2C: readFinalInputFile (readFinalInputFile.c:115)
==155667==    by 0x10BE2C: readFinalInputFile (readFinalInputFile.c:115)
==155667==    by 0x10B4B9: main (main.c:19)
==155667== 
==155667== 204 bytes in 1 blocks are definitely lost in loss record 5 of 9
==155667==    at 0x48435FF: calloc (vg_replace_malloc.c:1117)
==155667==    by 0x10D3CA: getGraph (readFinalInputFile.c:487)
==155667==    by 0x10EEFF: experimental (readFinalInputFile.c:901)
==155667==    by 0x10BDEC: readFinalInputFile (readFinalInputFile.c:101)
==155667==    by 0x10BE2C: readFinalInputFile (readFinalInputFile.c:115)
==155667==    by 0x10BE2C: readFinalInputFile (readFinalInputFile.c:115)
==155667==    by 0x10BE2C: readFinalInputFile (readFinalInputFile.c:115)
==155667==    by 0x10BE2C: readFinalInputFile (readFinalInputFile.c:115)
==155667==    by 0x10B4B9: main (main.c:19)
==155667== 
==155667== 204 bytes in 1 blocks are definitely lost in loss record 6 of 9
==155667==    at 0x48435FF: calloc (vg_replace_malloc.c:1117)
==155667==    by 0x10D3CA: getGraph (readFinalInputFile.c:487)
==155667==    by 0x10EEFF: experimental (readFinalInputFile.c:901)
==155667==    by 0x10BDEC: readFinalInputFile (readFinalInputFile.c:101)
==155667==    by 0x10BE2C: readFinalInputFile (readFinalInputFile.c:115)
==155667==    by 0x10BE2C: readFinalInputFile (readFinalInputFile.c:115)
==155667==    by 0x10BE2C: readFinalInputFile (readFinalInputFile.c:115)
==155667==    by 0x10BE2C: readFinalInputFile (readFinalInputFile.c:115)
==155667==    by 0x10BE2C: readFinalInputFile (readFinalInputFile.c:115)
==155667==    by 0x10B4B9: main (main.c:19)
==155667== 
==155667== 204 bytes in 1 blocks are definitely lost in loss record 7 of 9
==155667==    at 0x48435FF: calloc (vg_replace_malloc.c:1117)
==155667==    by 0x10D3CA: getGraph (readFinalInputFile.c:487)
==155667==    by 0x10EEFF: experimental (readFinalInputFile.c:901)
==155667==    by 0x10BDEC: readFinalInputFile (readFinalInputFile.c:101)
==155667==    by 0x10BE2C: readFinalInputFile (readFinalInputFile.c:115)
==155667==    by 0x10BE2C: readFinalInputFile (readFinalInputFile.c:115)
==155667==    by 0x10BE2C: readFinalInputFile (readFinalInputFile.c:115)
==155667==    by 0x10BE2C: readFinalInputFile (readFinalInputFile.c:115)
==155667==    by 0x10BE2C: readFinalInputFile (readFinalInputFile.c:115)
==155667==    by 0x10BE2C: readFinalInputFile (readFinalInputFile.c:115)
==155667==    by 0x10B4B9: main (main.c:19)
==155667== 
==155667== 204 bytes in 1 blocks are definitely lost in loss record 8 of 9
==155667==    at 0x48435FF: calloc (vg_replace_malloc.c:1117)
==155667==    by 0x10D3CA: getGraph (readFinalInputFile.c:487)
==155667==    by 0x10EEFF: experimental (readFinalInputFile.c:901)
==155667==    by 0x10BDEC: readFinalInputFile (readFinalInputFile.c:101)
==155667==    by 0x10BE2C: readFinalInputFile (readFinalInputFile.c:115)
==155667==    by 0x10BE2C: readFinalInputFile (readFinalInputFile.c:115)
==155667==    by 0x10BE2C: readFinalInputFile (readFinalInputFile.c:115)
==155667==    by 0x10BE2C: readFinalInputFile (readFinalInputFile.c:115)
==155667==    by 0x10BE2C: readFinalInputFile (readFinalInputFile.c:115)
==155667==    by 0x10BE2C: readFinalInputFile (readFinalInputFile.c:115)
==155667==    by 0x10BE2C: readFinalInputFile (readFinalInputFile.c:115)
==155667==    by 0x10B4B9: main (main.c:19)
==155667== 
==155667== 4,864 bytes in 16 blocks are definitely lost in loss record 9 of 9
==155667==    at 0x48435FF: calloc (vg_replace_malloc.c:1117)
==155667==    by 0x10D3CA: getGraph (readFinalInputFile.c:487)
==155667==    by 0x10EEFF: experimental (readFinalInputFile.c:901)
==155667==    by 0x10BDEC: readFinalInputFile (readFinalInputFile.c:101)
==155667==    by 0x10BE2C: readFinalInputFile (readFinalInputFile.c:115)
==155667==    by 0x10BE2C: readFinalInputFile (readFinalInputFile.c:115)
==155667==    by 0x10BE2C: readFinalInputFile (readFinalInputFile.c:115)
==155667==    by 0x10BE2C: readFinalInputFile (readFinalInputFile.c:115)
==155667==    by 0x10BE2C: readFinalInputFile (readFinalInputFile.c:115)
==155667==    by 0x10BE2C: readFinalInputFile (readFinalInputFile.c:115)
==155667==    by 0x10BE2C: readFinalInputFile (readFinalInputFile.c:115)
==155667==    by 0x10BE2C: readFinalInputFile (readFinalInputFile.c:115)
==155667== 
==155667== LEAK SUMMARY:
==155667==    definitely lost: 6,496 bytes in 24 blocks
==155667==    indirectly lost: 0 bytes in 0 blocks
==155667==      possibly lost: 0 bytes in 0 blocks
==155667==    still reachable: 0 bytes in 0 blocks
==155667==         suppressed: 0 bytes in 0 blocks
==155667== 
==155667== ERROR SUMMARY: 9 errors from 9 contexts (suppressed: 0 from 0)
