==332141== Memcheck, a memory error detector
==332141== Copyright (C) 2002-2017, and GNU GPL'd, by Julian Seward et al.
==332141== Using Valgrind-3.17.0 and LibVEX; rerun with -h for copyright info
==332141== Command: ./roap enunciado110.in
==332141== Parent PID: 332022
==332141== 
==332141== Invalid read of size 4
==332141==    at 0x10B810: readFinalInputFile (in /home/joao/.Projects/.GIT/AED/tudo/roap)
==332141==    by 0x109145: main (in /home/joao/.Projects/.GIT/AED/tudo/roap)
==332141==  Address 0x4b8c508 is 24 bytes after a block of size 144 in arena "client"
==332141== 
==332141== Invalid read of size 4
==332141==    at 0x109A19: writeSolution (in /home/joao/.Projects/.GIT/AED/tudo/roap)
==332141==    by 0x10B81A: readFinalInputFile (in /home/joao/.Projects/.GIT/AED/tudo/roap)
==332141==    by 0x109145: main (in /home/joao/.Projects/.GIT/AED/tudo/roap)
==332141==  Address 0x4b8d3d8 is 8 bytes inside a block of size 16 free'd
==332141==    at 0x484118B: free (vg_replace_malloc.c:755)
==332141==    by 0x10AE2F: fillGraph (in /home/joao/.Projects/.GIT/AED/tudo/roap)
==332141==    by 0x10B7CF: readFinalInputFile (in /home/joao/.Projects/.GIT/AED/tudo/roap)
==332141==    by 0x109145: main (in /home/joao/.Projects/.GIT/AED/tudo/roap)
==332141==  Block was alloc'd at
==332141==    at 0x483E7C5: malloc (vg_replace_malloc.c:380)
==332141==    by 0x10A2AD: newEdge (in /home/joao/.Projects/.GIT/AED/tudo/roap)
==332141==    by 0x10AE1E: fillGraph (in /home/joao/.Projects/.GIT/AED/tudo/roap)
==332141==    by 0x10B7CF: readFinalInputFile (in /home/joao/.Projects/.GIT/AED/tudo/roap)
==332141==    by 0x109145: main (in /home/joao/.Projects/.GIT/AED/tudo/roap)
==332141== 
==332141== Invalid read of size 4
==332141==    at 0x109A65: writeSolution (in /home/joao/.Projects/.GIT/AED/tudo/roap)
==332141==    by 0x10B81A: readFinalInputFile (in /home/joao/.Projects/.GIT/AED/tudo/roap)
==332141==    by 0x109145: main (in /home/joao/.Projects/.GIT/AED/tudo/roap)
==332141==  Address 0x4b8d438 is 8 bytes after a block of size 16 free'd
==332141==    at 0x484118B: free (vg_replace_malloc.c:755)
==332141==    by 0x10ADE4: fillGraph (in /home/joao/.Projects/.GIT/AED/tudo/roap)
==332141==    by 0x10B7CF: readFinalInputFile (in /home/joao/.Projects/.GIT/AED/tudo/roap)
==332141==    by 0x109145: main (in /home/joao/.Projects/.GIT/AED/tudo/roap)
==332141==  Block was alloc'd at
==332141==    at 0x483E7C5: malloc (vg_replace_malloc.c:380)
==332141==    by 0x10A2AD: newEdge (in /home/joao/.Projects/.GIT/AED/tudo/roap)
==332141==    by 0x10ADD7: fillGraph (in /home/joao/.Projects/.GIT/AED/tudo/roap)
==332141==    by 0x10B7CF: readFinalInputFile (in /home/joao/.Projects/.GIT/AED/tudo/roap)
==332141==    by 0x109145: main (in /home/joao/.Projects/.GIT/AED/tudo/roap)
==332141== 
==332141== Invalid read of size 4
==332141==    at 0x1098DA: printRecursivo (in /home/joao/.Projects/.GIT/AED/tudo/roap)
==332141==    by 0x109A9A: writeSolution (in /home/joao/.Projects/.GIT/AED/tudo/roap)
==332141==    by 0x10B81A: readFinalInputFile (in /home/joao/.Projects/.GIT/AED/tudo/roap)
==332141==    by 0x109145: main (in /home/joao/.Projects/.GIT/AED/tudo/roap)
==332141==  Address 0x4b8d438 is 8 bytes after a block of size 16 free'd
==332141==    at 0x484118B: free (vg_replace_malloc.c:755)
==332141==    by 0x10ADE4: fillGraph (in /home/joao/.Projects/.GIT/AED/tudo/roap)
==332141==    by 0x10B7CF: readFinalInputFile (in /home/joao/.Projects/.GIT/AED/tudo/roap)
==332141==    by 0x109145: main (in /home/joao/.Projects/.GIT/AED/tudo/roap)
==332141==  Block was alloc'd at
==332141==    at 0x483E7C5: malloc (vg_replace_malloc.c:380)
==332141==    by 0x10A2AD: newEdge (in /home/joao/.Projects/.GIT/AED/tudo/roap)
==332141==    by 0x10ADD7: fillGraph (in /home/joao/.Projects/.GIT/AED/tudo/roap)
==332141==    by 0x10B7CF: readFinalInputFile (in /home/joao/.Projects/.GIT/AED/tudo/roap)
==332141==    by 0x109145: main (in /home/joao/.Projects/.GIT/AED/tudo/roap)
==332141== 
==332141== 
==332141== HEAP SUMMARY:
==332141==     in use at exit: 2,045 bytes in 29 blocks
==332141==   total heap usage: 57 allocs, 28 frees, 11,049 bytes allocated
==332141== 
==332141== 12 bytes in 1 blocks are still reachable in loss record 1 of 17
==332141==    at 0x483E7C5: malloc (vg_replace_malloc.c:380)
==332141==    by 0x10B636: readFinalInputFile (in /home/joao/.Projects/.GIT/AED/tudo/roap)
==332141==    by 0x109145: main (in /home/joao/.Projects/.GIT/AED/tudo/roap)
==332141== 
==332141== 16 bytes in 1 blocks are still reachable in loss record 2 of 17
==332141==    at 0x483E7C5: malloc (vg_replace_malloc.c:380)
==332141==    by 0x109C81: genCLOps (in /home/joao/.Projects/.GIT/AED/tudo/roap)
==332141==    by 0x109E30: cLineOptions (in /home/joao/.Projects/.GIT/AED/tudo/roap)
==332141==    by 0x109116: main (in /home/joao/.Projects/.GIT/AED/tudo/roap)
==332141== 
==332141== 16 bytes in 1 blocks are still reachable in loss record 3 of 17
==332141==    at 0x483E7C5: malloc (vg_replace_malloc.c:380)
==332141==    by 0x10A2F4: graphInit (in /home/joao/.Projects/.GIT/AED/tudo/roap)
==332141==    by 0x10B7AC: readFinalInputFile (in /home/joao/.Projects/.GIT/AED/tudo/roap)
==332141==    by 0x109145: main (in /home/joao/.Projects/.GIT/AED/tudo/roap)
==332141== 
==332141== 17 bytes in 1 blocks are still reachable in loss record 4 of 17
==332141==    at 0x483E7C5: malloc (vg_replace_malloc.c:380)
==332141==    by 0x109C9F: genCLOps (in /home/joao/.Projects/.GIT/AED/tudo/roap)
==332141==    by 0x109E30: cLineOptions (in /home/joao/.Projects/.GIT/AED/tudo/roap)
==332141==    by 0x109116: main (in /home/joao/.Projects/.GIT/AED/tudo/roap)
==332141== 
==332141== 20 bytes in 1 blocks are still reachable in loss record 5 of 17
==332141==    at 0x483E7C5: malloc (vg_replace_malloc.c:380)
==332141==    by 0x10B64C: readFinalInputFile (in /home/joao/.Projects/.GIT/AED/tudo/roap)
==332141==    by 0x109145: main (in /home/joao/.Projects/.GIT/AED/tudo/roap)
==332141== 
==332141== 20 bytes in 1 blocks are still reachable in loss record 6 of 17
==332141==    at 0x483E7C5: malloc (vg_replace_malloc.c:380)
==332141==    by 0x1096B9: algoritmo (in /home/joao/.Projects/.GIT/AED/tudo/roap)
==332141==    by 0x10B7D7: readFinalInputFile (in /home/joao/.Projects/.GIT/AED/tudo/roap)
==332141==    by 0x109145: main (in /home/joao/.Projects/.GIT/AED/tudo/roap)
==332141== 
==332141== 20 bytes in 1 blocks are still reachable in loss record 7 of 17
==332141==    at 0x483E7C5: malloc (vg_replace_malloc.c:380)
==332141==    by 0x1096D1: algoritmo (in /home/joao/.Projects/.GIT/AED/tudo/roap)
==332141==    by 0x10B7D7: readFinalInputFile (in /home/joao/.Projects/.GIT/AED/tudo/roap)
==332141==    by 0x109145: main (in /home/joao/.Projects/.GIT/AED/tudo/roap)
==332141== 
==332141== 24 bytes in 1 blocks are still reachable in loss record 8 of 17
==332141==    at 0x483E7C5: malloc (vg_replace_malloc.c:380)
==332141==    by 0x109D72: cLineOptions (in /home/joao/.Projects/.GIT/AED/tudo/roap)
==332141==    by 0x109116: main (in /home/joao/.Projects/.GIT/AED/tudo/roap)
==332141== 
==332141== 40 bytes in 1 blocks are still reachable in loss record 9 of 17
==332141==    at 0x483E7C5: malloc (vg_replace_malloc.c:380)
==332141==    by 0x10A30D: graphInit (in /home/joao/.Projects/.GIT/AED/tudo/roap)
==332141==    by 0x10B7AC: readFinalInputFile (in /home/joao/.Projects/.GIT/AED/tudo/roap)
==332141==    by 0x109145: main (in /home/joao/.Projects/.GIT/AED/tudo/roap)
==332141== 
==332141== 48 bytes in 2 blocks are still reachable in loss record 10 of 17
==332141==    at 0x483E7C5: malloc (vg_replace_malloc.c:380)
==332141==    by 0x10A3FC: graphInsertE (in /home/joao/.Projects/.GIT/AED/tudo/roap)
==332141==    by 0x10AE2F: fillGraph (in /home/joao/.Projects/.GIT/AED/tudo/roap)
==332141==    by 0x10B7CF: readFinalInputFile (in /home/joao/.Projects/.GIT/AED/tudo/roap)
==332141==    by 0x109145: main (in /home/joao/.Projects/.GIT/AED/tudo/roap)
==332141== 
==332141== 48 bytes in 2 blocks are still reachable in loss record 11 of 17
==332141==    at 0x483E7C5: malloc (vg_replace_malloc.c:380)
==332141==    by 0x10A41D: graphInsertE (in /home/joao/.Projects/.GIT/AED/tudo/roap)
==332141==    by 0x10AE2F: fillGraph (in /home/joao/.Projects/.GIT/AED/tudo/roap)
==332141==    by 0x10B7CF: readFinalInputFile (in /home/joao/.Projects/.GIT/AED/tudo/roap)
==332141==    by 0x109145: main (in /home/joao/.Projects/.GIT/AED/tudo/roap)
==332141== 
==332141== 132 bytes in 1 blocks are still reachable in loss record 12 of 17
==332141==    at 0x483E7C5: malloc (vg_replace_malloc.c:380)
==332141==    by 0x10B6AF: readFinalInputFile (in /home/joao/.Projects/.GIT/AED/tudo/roap)
==332141==    by 0x109145: main (in /home/joao/.Projects/.GIT/AED/tudo/roap)
==332141== 
==332141== 144 bytes in 6 blocks are still reachable in loss record 13 of 17
==332141==    at 0x483E7C5: malloc (vg_replace_malloc.c:380)
==332141==    by 0x10A3FC: graphInsertE (in /home/joao/.Projects/.GIT/AED/tudo/roap)
==332141==    by 0x10ADE4: fillGraph (in /home/joao/.Projects/.GIT/AED/tudo/roap)
==332141==    by 0x10B7CF: readFinalInputFile (in /home/joao/.Projects/.GIT/AED/tudo/roap)
==332141==    by 0x109145: main (in /home/joao/.Projects/.GIT/AED/tudo/roap)
==332141== 
==332141== 144 bytes in 6 blocks are still reachable in loss record 14 of 17
==332141==    at 0x483E7C5: malloc (vg_replace_malloc.c:380)
==332141==    by 0x10A41D: graphInsertE (in /home/joao/.Projects/.GIT/AED/tudo/roap)
==332141==    by 0x10ADE4: fillGraph (in /home/joao/.Projects/.GIT/AED/tudo/roap)
==332141==    by 0x10B7CF: readFinalInputFile (in /home/joao/.Projects/.GIT/AED/tudo/roap)
==332141==    by 0x109145: main (in /home/joao/.Projects/.GIT/AED/tudo/roap)
==332141== 
==332141== 400 bytes in 1 blocks are still reachable in loss record 15 of 17
==332141==    at 0x483E7C5: malloc (vg_replace_malloc.c:380)
==332141==    by 0x10B6E3: readFinalInputFile (in /home/joao/.Projects/.GIT/AED/tudo/roap)
==332141==    by 0x109145: main (in /home/joao/.Projects/.GIT/AED/tudo/roap)
==332141== 
==332141== 472 bytes in 1 blocks are still reachable in loss record 16 of 17
==332141==    at 0x483E7C5: malloc (vg_replace_malloc.c:380)
==332141==    by 0x4A30FDE: __fopen_internal (in /usr/lib/libc-2.33.so)
==332141==    by 0x109129: main (in /home/joao/.Projects/.GIT/AED/tudo/roap)
==332141== 
==332141== 472 bytes in 1 blocks are still reachable in loss record 17 of 17
==332141==    at 0x483E7C5: malloc (vg_replace_malloc.c:380)
==332141==    by 0x4A30FDE: __fopen_internal (in /usr/lib/libc-2.33.so)
==332141==    by 0x109A21: writeSolution (in /home/joao/.Projects/.GIT/AED/tudo/roap)
==332141==    by 0x10B81A: readFinalInputFile (in /home/joao/.Projects/.GIT/AED/tudo/roap)
==332141==    by 0x109145: main (in /home/joao/.Projects/.GIT/AED/tudo/roap)
==332141== 
==332141== LEAK SUMMARY:
==332141==    definitely lost: 0 bytes in 0 blocks
==332141==    indirectly lost: 0 bytes in 0 blocks
==332141==      possibly lost: 0 bytes in 0 blocks
==332141==    still reachable: 2,045 bytes in 29 blocks
==332141==         suppressed: 0 bytes in 0 blocks
==332141== 
==332141== ERROR SUMMARY: 4 errors from 4 contexts (suppressed: 0 from 0)
==332141== 
==332141== 1 errors in context 1 of 4:
==332141== Invalid read of size 4
==332141==    at 0x1098DA: printRecursivo (in /home/joao/.Projects/.GIT/AED/tudo/roap)
==332141==    by 0x109A9A: writeSolution (in /home/joao/.Projects/.GIT/AED/tudo/roap)
==332141==    by 0x10B81A: readFinalInputFile (in /home/joao/.Projects/.GIT/AED/tudo/roap)
==332141==    by 0x109145: main (in /home/joao/.Projects/.GIT/AED/tudo/roap)
==332141==  Address 0x4b8d438 is 8 bytes after a block of size 16 free'd
==332141==    at 0x484118B: free (vg_replace_malloc.c:755)
==332141==    by 0x10ADE4: fillGraph (in /home/joao/.Projects/.GIT/AED/tudo/roap)
==332141==    by 0x10B7CF: readFinalInputFile (in /home/joao/.Projects/.GIT/AED/tudo/roap)
==332141==    by 0x109145: main (in /home/joao/.Projects/.GIT/AED/tudo/roap)
==332141==  Block was alloc'd at
==332141==    at 0x483E7C5: malloc (vg_replace_malloc.c:380)
==332141==    by 0x10A2AD: newEdge (in /home/joao/.Projects/.GIT/AED/tudo/roap)
==332141==    by 0x10ADD7: fillGraph (in /home/joao/.Projects/.GIT/AED/tudo/roap)
==332141==    by 0x10B7CF: readFinalInputFile (in /home/joao/.Projects/.GIT/AED/tudo/roap)
==332141==    by 0x109145: main (in /home/joao/.Projects/.GIT/AED/tudo/roap)
==332141== 
==332141== 
==332141== 1 errors in context 2 of 4:
==332141== Invalid read of size 4
==332141==    at 0x109A65: writeSolution (in /home/joao/.Projects/.GIT/AED/tudo/roap)
==332141==    by 0x10B81A: readFinalInputFile (in /home/joao/.Projects/.GIT/AED/tudo/roap)
==332141==    by 0x109145: main (in /home/joao/.Projects/.GIT/AED/tudo/roap)
==332141==  Address 0x4b8d438 is 8 bytes after a block of size 16 free'd
==332141==    at 0x484118B: free (vg_replace_malloc.c:755)
==332141==    by 0x10ADE4: fillGraph (in /home/joao/.Projects/.GIT/AED/tudo/roap)
==332141==    by 0x10B7CF: readFinalInputFile (in /home/joao/.Projects/.GIT/AED/tudo/roap)
==332141==    by 0x109145: main (in /home/joao/.Projects/.GIT/AED/tudo/roap)
==332141==  Block was alloc'd at
==332141==    at 0x483E7C5: malloc (vg_replace_malloc.c:380)
==332141==    by 0x10A2AD: newEdge (in /home/joao/.Projects/.GIT/AED/tudo/roap)
==332141==    by 0x10ADD7: fillGraph (in /home/joao/.Projects/.GIT/AED/tudo/roap)
==332141==    by 0x10B7CF: readFinalInputFile (in /home/joao/.Projects/.GIT/AED/tudo/roap)
==332141==    by 0x109145: main (in /home/joao/.Projects/.GIT/AED/tudo/roap)
==332141== 
==332141== 
==332141== 1 errors in context 3 of 4:
==332141== Invalid read of size 4
==332141==    at 0x109A19: writeSolution (in /home/joao/.Projects/.GIT/AED/tudo/roap)
==332141==    by 0x10B81A: readFinalInputFile (in /home/joao/.Projects/.GIT/AED/tudo/roap)
==332141==    by 0x109145: main (in /home/joao/.Projects/.GIT/AED/tudo/roap)
==332141==  Address 0x4b8d3d8 is 8 bytes inside a block of size 16 free'd
==332141==    at 0x484118B: free (vg_replace_malloc.c:755)
==332141==    by 0x10AE2F: fillGraph (in /home/joao/.Projects/.GIT/AED/tudo/roap)
==332141==    by 0x10B7CF: readFinalInputFile (in /home/joao/.Projects/.GIT/AED/tudo/roap)
==332141==    by 0x109145: main (in /home/joao/.Projects/.GIT/AED/tudo/roap)
==332141==  Block was alloc'd at
==332141==    at 0x483E7C5: malloc (vg_replace_malloc.c:380)
==332141==    by 0x10A2AD: newEdge (in /home/joao/.Projects/.GIT/AED/tudo/roap)
==332141==    by 0x10AE1E: fillGraph (in /home/joao/.Projects/.GIT/AED/tudo/roap)
==332141==    by 0x10B7CF: readFinalInputFile (in /home/joao/.Projects/.GIT/AED/tudo/roap)
==332141==    by 0x109145: main (in /home/joao/.Projects/.GIT/AED/tudo/roap)
==332141== 
==332141== 
==332141== 1 errors in context 4 of 4:
==332141== Invalid read of size 4
==332141==    at 0x10B810: readFinalInputFile (in /home/joao/.Projects/.GIT/AED/tudo/roap)
==332141==    by 0x109145: main (in /home/joao/.Projects/.GIT/AED/tudo/roap)
==332141==  Address 0x4b8c508 is 24 bytes after a block of size 144 in arena "client"
==332141== 
==332141== ERROR SUMMARY: 4 errors from 4 contexts (suppressed: 0 from 0)
