==155623== Memcheck, a memory error detector
==155623== Copyright (C) 2002-2017, and GNU GPL'd, by Julian Seward et al.
==155623== Using Valgrind-3.17.0 and LibVEX; rerun with -h for copyright info
==155623== Command: ./roap small17.in
==155623== Parent PID: 155310
==155623== 
==155623== 
==155623== HEAP SUMMARY:
==155623==     in use at exit: 404 bytes in 1 blocks
==155623==   total heap usage: 18,291 allocs, 18,290 frees, 336,927 bytes allocated
==155623== 
==155623== 404 bytes in 1 blocks are definitely lost in loss record 1 of 1
==155623==    at 0x48435FF: calloc (vg_replace_malloc.c:1117)
==155623==    by 0x10D3CA: getGraph (readFinalInputFile.c:487)
==155623==    by 0x10EEFF: experimental (readFinalInputFile.c:901)
==155623==    by 0x10BDEC: readFinalInputFile (readFinalInputFile.c:101)
==155623==    by 0x10B4B9: main (main.c:19)
==155623== 
==155623== LEAK SUMMARY:
==155623==    definitely lost: 404 bytes in 1 blocks
==155623==    indirectly lost: 0 bytes in 0 blocks
==155623==      possibly lost: 0 bytes in 0 blocks
==155623==    still reachable: 0 bytes in 0 blocks
==155623==         suppressed: 0 bytes in 0 blocks
==155623== 
==155623== ERROR SUMMARY: 1 errors from 1 contexts (suppressed: 0 from 0)
