==155511== Memcheck, a memory error detector
==155511== Copyright (C) 2002-2017, and GNU GPL'd, by Julian Seward et al.
==155511== Using Valgrind-3.17.0 and LibVEX; rerun with -h for copyright info
==155511== Command: ./roap small05.in
==155511== Parent PID: 155310
==155511== 
==155511== 
==155511== HEAP SUMMARY:
==155511==     in use at exit: 204 bytes in 1 blocks
==155511==   total heap usage: 3,157 allocs, 3,156 frees, 68,127 bytes allocated
==155511== 
==155511== 204 bytes in 1 blocks are definitely lost in loss record 1 of 1
==155511==    at 0x48435FF: calloc (vg_replace_malloc.c:1117)
==155511==    by 0x10D3CA: getGraph (readFinalInputFile.c:487)
==155511==    by 0x10EEFF: experimental (readFinalInputFile.c:901)
==155511==    by 0x10BDEC: readFinalInputFile (readFinalInputFile.c:101)
==155511==    by 0x10B4B9: main (main.c:19)
==155511== 
==155511== LEAK SUMMARY:
==155511==    definitely lost: 204 bytes in 1 blocks
==155511==    indirectly lost: 0 bytes in 0 blocks
==155511==      possibly lost: 0 bytes in 0 blocks
==155511==    still reachable: 0 bytes in 0 blocks
==155511==         suppressed: 0 bytes in 0 blocks
==155511== 
==155511== ERROR SUMMARY: 1 errors from 1 contexts (suppressed: 0 from 0)
