==155427== Memcheck, a memory error detector
==155427== Copyright (C) 2002-2017, and GNU GPL'd, by Julian Seward et al.
==155427== Using Valgrind-3.17.0 and LibVEX; rerun with -h for copyright info
==155427== Command: ./roap enunciado107.in
==155427== Parent PID: 155310
==155427== 
==155427== 
==155427== HEAP SUMMARY:
==155427==     in use at exit: 40 bytes in 1 blocks
==155427==   total heap usage: 92 allocs, 91 frees, 11,853 bytes allocated
==155427== 
==155427== 40 bytes in 1 blocks are definitely lost in loss record 1 of 1
==155427==    at 0x48435FF: calloc (vg_replace_malloc.c:1117)
==155427==    by 0x10D3CA: getGraph (readFinalInputFile.c:487)
==155427==    by 0x10EEFF: experimental (readFinalInputFile.c:901)
==155427==    by 0x10BDEC: readFinalInputFile (readFinalInputFile.c:101)
==155427==    by 0x10B4B9: main (main.c:19)
==155427== 
==155427== LEAK SUMMARY:
==155427==    definitely lost: 40 bytes in 1 blocks
==155427==    indirectly lost: 0 bytes in 0 blocks
==155427==      possibly lost: 0 bytes in 0 blocks
==155427==    still reachable: 0 bytes in 0 blocks
==155427==         suppressed: 0 bytes in 0 blocks
==155427== 
==155427== ERROR SUMMARY: 1 errors from 1 contexts (suppressed: 0 from 0)
