==109045== Memcheck, a memory error detector
==109045== Copyright (C) 2002-2017, and GNU GPL'd, by Julian Seward et al.
==109045== Using Valgrind-3.17.0-07f0cdcbb4-20210319X and LibVEX; rerun with -h for copyright info
==109045== Command: ./roap voltas_a_bilhar04.in
==109045== Parent PID: 108702
==109045== 
--109045-- 
--109045-- Valgrind options:
--109045--    -v
--109045--    --leak-check=full
--109045--    --track-origins=yes
--109045--    --show-leak-kinds=all
--109045--    -s
--109045--    --log-file=valgrind_2021_11_03_18:12:28.log
--109045-- Contents of /proc/version:
--109045--   Linux version 5.14.15-arch1-1 (linux@archlinux) (gcc (GCC) 11.1.0, GNU ld (GNU Binutils) 2.36.1) #1 SMP PREEMPT Wed, 27 Oct 2021 23:38:14 +0000
--109045-- 
--109045-- Arch and hwcaps: AMD64, LittleEndian, amd64-cx16-lzcnt-rdtscp-sse3-ssse3-avx-avx2-bmi-f16c-rdrand-rdseed
--109045-- Page sizes: currently 4096, max supported 4096
--109045-- Valgrind library directory: /usr/lib/valgrind
--109045-- Reading syms from /home/joao/.Projects/.GIT/AED/tudo/roap
--109045-- Reading syms from /usr/lib/ld-2.33.so
--109045-- Reading syms from /usr/lib/valgrind/memcheck-amd64-linux
--109045--    object doesn't have a dynamic symbol table
--109045-- Scheduler: using generic scheduler lock implementation.
--109045-- Reading suppressions file: /usr/lib/valgrind/default.supp
==109045== embedded gdbserver: reading from /tmp/vgdb-pipe-from-vgdb-to-109045-by-joao-on-???
==109045== embedded gdbserver: writing to   /tmp/vgdb-pipe-to-vgdb-from-109045-by-joao-on-???
==109045== embedded gdbserver: shared mem   /tmp/vgdb-pipe-shared-mem-vgdb-109045-by-joao-on-???
==109045== 
==109045== TO CONTROL THIS PROCESS USING vgdb (which you probably
==109045== don't want to do, unless you know exactly what you're doing,
==109045== or are doing some strange experiment):
==109045==   /usr/lib/valgrind/../../bin/vgdb --pid=109045 ...command...
==109045== 
==109045== TO DEBUG THIS PROCESS USING GDB: start GDB like this
==109045==   /path/to/gdb ./roap
==109045== and then give GDB the following command
==109045==   target remote | /usr/lib/valgrind/../../bin/vgdb --pid=109045
==109045== --pid is optional if only one valgrind process is running
==109045== 
--109045-- REDIR: 0x4023890 (ld-linux-x86-64.so.2:strlen) redirected to 0x580bb342 (vgPlain_amd64_linux_REDIR_FOR_strlen)
--109045-- REDIR: 0x4023660 (ld-linux-x86-64.so.2:index) redirected to 0x580bb35c (vgPlain_amd64_linux_REDIR_FOR_index)
--109045-- Reading syms from /usr/lib/valgrind/vgpreload_core-amd64-linux.so
--109045-- Reading syms from /usr/lib/valgrind/vgpreload_memcheck-amd64-linux.so
==109045== WARNING: new redirection conflicts with existing -- ignoring it
--109045--     old: 0x04023890 (strlen              ) R-> (0000.0) 0x580bb342 vgPlain_amd64_linux_REDIR_FOR_strlen
--109045--     new: 0x04023890 (strlen              ) R-> (2007.0) 0x048448d0 strlen
--109045-- REDIR: 0x4020070 (ld-linux-x86-64.so.2:strcmp) redirected to 0x4845730 (strcmp)
--109045-- REDIR: 0x4023df0 (ld-linux-x86-64.so.2:mempcpy) redirected to 0x48491a0 (mempcpy)
--109045-- Reading syms from /usr/lib/libm-2.33.so
--109045--    object doesn't have a symbol table
--109045-- Reading syms from /usr/lib/libc-2.33.so
--109045-- REDIR: 0x4a4c0b0 (libc.so.6:memmove) redirected to 0x48331b0 (_vgnU_ifunc_wrapper)
==109045== Preferring higher priority redirection:
--109045--     old: 0x04b1f510 (__memcpy_avx_unalign) R-> (2018.0) 0x04846980 __memcpy_avx_unaligned_erms
--109045--     new: 0x04b1f510 (__memcpy_avx_unalign) R-> (2018.1) 0x04848220 memmove
--109045-- REDIR: 0x4a4b5b0 (libc.so.6:strncpy) redirected to 0x48331b0 (_vgnU_ifunc_wrapper)
--109045-- REDIR: 0x4a4c3f0 (libc.so.6:strcasecmp) redirected to 0x48331b0 (_vgnU_ifunc_wrapper)
--109045-- REDIR: 0x4a4b050 (libc.so.6:strcat) redirected to 0x48331b0 (_vgnU_ifunc_wrapper)
--109045-- REDIR: 0x4a4b610 (libc.so.6:rindex) redirected to 0x48331b0 (_vgnU_ifunc_wrapper)
--109045-- REDIR: 0x4a4d7a0 (libc.so.6:rawmemchr) redirected to 0x48331b0 (_vgnU_ifunc_wrapper)
--109045-- REDIR: 0x4a657f0 (libc.so.6:wmemchr) redirected to 0x48331b0 (_vgnU_ifunc_wrapper)
--109045-- REDIR: 0x4a65330 (libc.so.6:wcscmp) redirected to 0x48331b0 (_vgnU_ifunc_wrapper)
--109045-- REDIR: 0x4a4c210 (libc.so.6:mempcpy) redirected to 0x48331b0 (_vgnU_ifunc_wrapper)
--109045-- REDIR: 0x4a4c040 (libc.so.6:bcmp) redirected to 0x48331b0 (_vgnU_ifunc_wrapper)
--109045-- REDIR: 0x4a4b540 (libc.so.6:strncmp) redirected to 0x48331b0 (_vgnU_ifunc_wrapper)
--109045-- REDIR: 0x4a4b100 (libc.so.6:strcmp) redirected to 0x48331b0 (_vgnU_ifunc_wrapper)
--109045-- REDIR: 0x4a4c180 (libc.so.6:memset) redirected to 0x48331b0 (_vgnU_ifunc_wrapper)
--109045-- REDIR: 0x4a652f0 (libc.so.6:wcschr) redirected to 0x48331b0 (_vgnU_ifunc_wrapper)
--109045-- REDIR: 0x4a4b4a0 (libc.so.6:strnlen) redirected to 0x48331b0 (_vgnU_ifunc_wrapper)
--109045-- REDIR: 0x4a4b1e0 (libc.so.6:strcspn) redirected to 0x48331b0 (_vgnU_ifunc_wrapper)
--109045-- REDIR: 0x4a4c440 (libc.so.6:strncasecmp) redirected to 0x48331b0 (_vgnU_ifunc_wrapper)
--109045-- REDIR: 0x4a4b180 (libc.so.6:strcpy) redirected to 0x48331b0 (_vgnU_ifunc_wrapper)
--109045-- REDIR: 0x4a4c590 (libc.so.6:memcpy@@GLIBC_2.14) redirected to 0x48331b0 (_vgnU_ifunc_wrapper)
--109045-- REDIR: 0x4a66a40 (libc.so.6:wcsnlen) redirected to 0x48331b0 (_vgnU_ifunc_wrapper)
--109045-- REDIR: 0x4a65370 (libc.so.6:wcscpy) redirected to 0x48331b0 (_vgnU_ifunc_wrapper)
--109045-- REDIR: 0x4a4b650 (libc.so.6:strpbrk) redirected to 0x48331b0 (_vgnU_ifunc_wrapper)
--109045-- REDIR: 0x4a4b0b0 (libc.so.6:index) redirected to 0x48331b0 (_vgnU_ifunc_wrapper)
--109045-- REDIR: 0x4a4b460 (libc.so.6:strlen) redirected to 0x48331b0 (_vgnU_ifunc_wrapper)
--109045-- REDIR: 0x4a51c10 (libc.so.6:memrchr) redirected to 0x48331b0 (_vgnU_ifunc_wrapper)
--109045-- REDIR: 0x4a4c490 (libc.so.6:strcasecmp_l) redirected to 0x48331b0 (_vgnU_ifunc_wrapper)
--109045-- REDIR: 0x4a4c000 (libc.so.6:memchr) redirected to 0x48331b0 (_vgnU_ifunc_wrapper)
--109045-- REDIR: 0x4a65440 (libc.so.6:wcslen) redirected to 0x48331b0 (_vgnU_ifunc_wrapper)
--109045-- REDIR: 0x4a4b770 (libc.so.6:strspn) redirected to 0x48331b0 (_vgnU_ifunc_wrapper)
--109045-- REDIR: 0x4a4c390 (libc.so.6:stpncpy) redirected to 0x48331b0 (_vgnU_ifunc_wrapper)
--109045-- REDIR: 0x4a4c330 (libc.so.6:stpcpy) redirected to 0x48331b0 (_vgnU_ifunc_wrapper)
--109045-- REDIR: 0x4a4d7e0 (libc.so.6:strchrnul) redirected to 0x48331b0 (_vgnU_ifunc_wrapper)
--109045-- REDIR: 0x4a4c4e0 (libc.so.6:strncasecmp_l) redirected to 0x48331b0 (_vgnU_ifunc_wrapper)
--109045-- REDIR: 0x4b1c330 (libc.so.6:__strrchr_avx2) redirected to 0x4844310 (rindex)
--109045-- REDIR: 0x4a47320 (libc.so.6:malloc) redirected to 0x483e750 (malloc)
--109045-- REDIR: 0x4b1c500 (libc.so.6:__strlen_avx2) redirected to 0x48447b0 (strlen)
--109045-- REDIR: 0x4b1da40 (libc.so.6:__strcpy_avx2) redirected to 0x4844900 (strcpy)
--109045-- REDIR: 0x4a4bc20 (libc.so.6:__GI_strstr) redirected to 0x4849430 (__strstr_sse2)
--109045-- REDIR: 0x4b1f9a0 (libc.so.6:__memset_avx2_unaligned_erms) redirected to 0x4848120 (memset)
--109045-- REDIR: 0x4a47980 (libc.so.6:free) redirected to 0x4841120 (free)
--109045-- REDIR: 0x4b1c140 (libc.so.6:__strchrnul_avx2) redirected to 0x4848ca0 (strchrnul)
--109045-- REDIR: 0x4b1f4f0 (libc.so.6:__mempcpy_avx_unaligned_erms) redirected to 0x4848db0 (mempcpy)
==109045== 
==109045== HEAP SUMMARY:
==109045==     in use at exit: 0 bytes in 0 blocks
==109045==   total heap usage: 109 allocs, 109 frees, 12,823 bytes allocated
==109045== 
==109045== All heap blocks were freed -- no leaks are possible
==109045== 
==109045== ERROR SUMMARY: 0 errors from 0 contexts (suppressed: 0 from 0)
