==155705== Memcheck, a memory error detector
==155705== Copyright (C) 2002-2017, and GNU GPL'd, by Julian Seward et al.
==155705== Using Valgrind-3.17.0 and LibVEX; rerun with -h for copyright info
==155705== Command: ./roap voltas_a_bilhar07.in
==155705== Parent PID: 155310
==155705== 
==155705== 
==155705== HEAP SUMMARY:
==155705==     in use at exit: 68 bytes in 1 blocks
==155705==   total heap usage: 193 allocs, 192 frees, 13,999 bytes allocated
==155705== 
==155705== 68 bytes in 1 blocks are definitely lost in loss record 1 of 1
==155705==    at 0x48435FF: calloc (vg_replace_malloc.c:1117)
==155705==    by 0x10D3CA: getGraph (readFinalInputFile.c:487)
==155705==    by 0x10EEFF: experimental (readFinalInputFile.c:901)
==155705==    by 0x10BDEC: readFinalInputFile (readFinalInputFile.c:101)
==155705==    by 0x10B4B9: main (main.c:19)
==155705== 
==155705== LEAK SUMMARY:
==155705==    definitely lost: 68 bytes in 1 blocks
==155705==    indirectly lost: 0 bytes in 0 blocks
==155705==      possibly lost: 0 bytes in 0 blocks
==155705==    still reachable: 0 bytes in 0 blocks
==155705==         suppressed: 0 bytes in 0 blocks
==155705== 
==155705== ERROR SUMMARY: 1 errors from 1 contexts (suppressed: 0 from 0)
