==155368== Memcheck, a memory error detector
==155368== Copyright (C) 2002-2017, and GNU GPL'd, by Julian Seward et al.
==155368== Using Valgrind-3.17.0 and LibVEX; rerun with -h for copyright info
==155368== Command: ./roap enunciado104.in
==155368== Parent PID: 155310
==155368== 
==155368== 
==155368== HEAP SUMMARY:
==155368==     in use at exit: 40 bytes in 1 blocks
==155368==   total heap usage: 92 allocs, 91 frees, 11,853 bytes allocated
==155368== 
==155368== 40 bytes in 1 blocks are definitely lost in loss record 1 of 1
==155368==    at 0x48435FF: calloc (vg_replace_malloc.c:1117)
==155368==    by 0x10D3CA: getGraph (readFinalInputFile.c:487)
==155368==    by 0x10EEFF: experimental (readFinalInputFile.c:901)
==155368==    by 0x10BDEC: readFinalInputFile (readFinalInputFile.c:101)
==155368==    by 0x10B4B9: main (main.c:19)
==155368== 
==155368== LEAK SUMMARY:
==155368==    definitely lost: 40 bytes in 1 blocks
==155368==    indirectly lost: 0 bytes in 0 blocks
==155368==      possibly lost: 0 bytes in 0 blocks
==155368==    still reachable: 0 bytes in 0 blocks
==155368==         suppressed: 0 bytes in 0 blocks
==155368== 
==155368== ERROR SUMMARY: 1 errors from 1 contexts (suppressed: 0 from 0)
