==155662== Memcheck, a memory error detector
==155662== Copyright (C) 2002-2017, and GNU GPL'd, by Julian Seward et al.
==155662== Using Valgrind-3.17.0 and LibVEX; rerun with -h for copyright info
==155662== Command: ./roap small24.in
==155662== Parent PID: 155310
==155662== 
==155662== 
==155662== HEAP SUMMARY:
==155662==     in use at exit: 404 bytes in 1 blocks
==155662==   total heap usage: 18,291 allocs, 18,290 frees, 336,927 bytes allocated
==155662== 
==155662== 404 bytes in 1 blocks are definitely lost in loss record 1 of 1
==155662==    at 0x48435FF: calloc (vg_replace_malloc.c:1117)
==155662==    by 0x10D3CA: getGraph (readFinalInputFile.c:487)
==155662==    by 0x10EEFF: experimental (readFinalInputFile.c:901)
==155662==    by 0x10BDEC: readFinalInputFile (readFinalInputFile.c:101)
==155662==    by 0x10B4B9: main (main.c:19)
==155662== 
==155662== LEAK SUMMARY:
==155662==    definitely lost: 404 bytes in 1 blocks
==155662==    indirectly lost: 0 bytes in 0 blocks
==155662==      possibly lost: 0 bytes in 0 blocks
==155662==    still reachable: 0 bytes in 0 blocks
==155662==         suppressed: 0 bytes in 0 blocks
==155662== 
==155662== ERROR SUMMARY: 1 errors from 1 contexts (suppressed: 0 from 0)
