==155517== Memcheck, a memory error detector
==155517== Copyright (C) 2002-2017, and GNU GPL'd, by Julian Seward et al.
==155517== Using Valgrind-3.17.0 and LibVEX; rerun with -h for copyright info
==155517== Command: ./roap small06.in
==155517== Parent PID: 155310
==155517== 
==155517== 
==155517== HEAP SUMMARY:
==155517==     in use at exit: 204 bytes in 1 blocks
==155517==   total heap usage: 3,157 allocs, 3,156 frees, 68,127 bytes allocated
==155517== 
==155517== 204 bytes in 1 blocks are definitely lost in loss record 1 of 1
==155517==    at 0x48435FF: calloc (vg_replace_malloc.c:1117)
==155517==    by 0x10D3CA: getGraph (readFinalInputFile.c:487)
==155517==    by 0x10EEFF: experimental (readFinalInputFile.c:901)
==155517==    by 0x10BDEC: readFinalInputFile (readFinalInputFile.c:101)
==155517==    by 0x10B4B9: main (main.c:19)
==155517== 
==155517== LEAK SUMMARY:
==155517==    definitely lost: 204 bytes in 1 blocks
==155517==    indirectly lost: 0 bytes in 0 blocks
==155517==      possibly lost: 0 bytes in 0 blocks
==155517==    still reachable: 0 bytes in 0 blocks
==155517==         suppressed: 0 bytes in 0 blocks
==155517== 
==155517== ERROR SUMMARY: 1 errors from 1 contexts (suppressed: 0 from 0)
