==332130== Memcheck, a memory error detector
==332130== Copyright (C) 2002-2017, and GNU GPL'd, by Julian Seward et al.
==332130== Using Valgrind-3.17.0 and LibVEX; rerun with -h for copyright info
==332130== Command: ./roap enunciado109.in
==332130== Parent PID: 332022
==332130== 
==332130== Invalid read of size 4
==332130==    at 0x109A19: writeSolution (in /home/joao/.Projects/.GIT/AED/tudo/roap)
==332130==    by 0x10B81A: readFinalInputFile (in /home/joao/.Projects/.GIT/AED/tudo/roap)
==332130==    by 0x109145: main (in /home/joao/.Projects/.GIT/AED/tudo/roap)
==332130==  Address 0x4b8d71c is 4 bytes before a block of size 20 alloc'd
==332130==    at 0x483E7C5: malloc (vg_replace_malloc.c:380)
==332130==    by 0x1096B9: algoritmo (in /home/joao/.Projects/.GIT/AED/tudo/roap)
==332130==    by 0x10B7D7: readFinalInputFile (in /home/joao/.Projects/.GIT/AED/tudo/roap)
==332130==    by 0x109145: main (in /home/joao/.Projects/.GIT/AED/tudo/roap)
==332130== 
==332130== Invalid read of size 4
==332130==    at 0x109A65: writeSolution (in /home/joao/.Projects/.GIT/AED/tudo/roap)
==332130==    by 0x10B81A: readFinalInputFile (in /home/joao/.Projects/.GIT/AED/tudo/roap)
==332130==    by 0x109145: main (in /home/joao/.Projects/.GIT/AED/tudo/roap)
==332130==  Address 0x4b8d77c is 4 bytes before a block of size 20 alloc'd
==332130==    at 0x483E7C5: malloc (vg_replace_malloc.c:380)
==332130==    by 0x1096D1: algoritmo (in /home/joao/.Projects/.GIT/AED/tudo/roap)
==332130==    by 0x10B7D7: readFinalInputFile (in /home/joao/.Projects/.GIT/AED/tudo/roap)
==332130==    by 0x109145: main (in /home/joao/.Projects/.GIT/AED/tudo/roap)
==332130== 
==332130== Invalid read of size 4
==332130==    at 0x1098DA: printRecursivo (in /home/joao/.Projects/.GIT/AED/tudo/roap)
==332130==    by 0x109A9A: writeSolution (in /home/joao/.Projects/.GIT/AED/tudo/roap)
==332130==    by 0x10B81A: readFinalInputFile (in /home/joao/.Projects/.GIT/AED/tudo/roap)
==332130==    by 0x109145: main (in /home/joao/.Projects/.GIT/AED/tudo/roap)
==332130==  Address 0x4b8d77c is 4 bytes before a block of size 20 alloc'd
==332130==    at 0x483E7C5: malloc (vg_replace_malloc.c:380)
==332130==    by 0x1096D1: algoritmo (in /home/joao/.Projects/.GIT/AED/tudo/roap)
==332130==    by 0x10B7D7: readFinalInputFile (in /home/joao/.Projects/.GIT/AED/tudo/roap)
==332130==    by 0x109145: main (in /home/joao/.Projects/.GIT/AED/tudo/roap)
==332130== 
==332130== 
==332130== HEAP SUMMARY:
==332130==     in use at exit: 2,045 bytes in 29 blocks
==332130==   total heap usage: 57 allocs, 28 frees, 11,049 bytes allocated
==332130== 
==332130== 12 bytes in 1 blocks are still reachable in loss record 1 of 17
==332130==    at 0x483E7C5: malloc (vg_replace_malloc.c:380)
==332130==    by 0x10B636: readFinalInputFile (in /home/joao/.Projects/.GIT/AED/tudo/roap)
==332130==    by 0x109145: main (in /home/joao/.Projects/.GIT/AED/tudo/roap)
==332130== 
==332130== 16 bytes in 1 blocks are still reachable in loss record 2 of 17
==332130==    at 0x483E7C5: malloc (vg_replace_malloc.c:380)
==332130==    by 0x109C81: genCLOps (in /home/joao/.Projects/.GIT/AED/tudo/roap)
==332130==    by 0x109E30: cLineOptions (in /home/joao/.Projects/.GIT/AED/tudo/roap)
==332130==    by 0x109116: main (in /home/joao/.Projects/.GIT/AED/tudo/roap)
==332130== 
==332130== 16 bytes in 1 blocks are still reachable in loss record 3 of 17
==332130==    at 0x483E7C5: malloc (vg_replace_malloc.c:380)
==332130==    by 0x10A2F4: graphInit (in /home/joao/.Projects/.GIT/AED/tudo/roap)
==332130==    by 0x10B7AC: readFinalInputFile (in /home/joao/.Projects/.GIT/AED/tudo/roap)
==332130==    by 0x109145: main (in /home/joao/.Projects/.GIT/AED/tudo/roap)
==332130== 
==332130== 17 bytes in 1 blocks are still reachable in loss record 4 of 17
==332130==    at 0x483E7C5: malloc (vg_replace_malloc.c:380)
==332130==    by 0x109C9F: genCLOps (in /home/joao/.Projects/.GIT/AED/tudo/roap)
==332130==    by 0x109E30: cLineOptions (in /home/joao/.Projects/.GIT/AED/tudo/roap)
==332130==    by 0x109116: main (in /home/joao/.Projects/.GIT/AED/tudo/roap)
==332130== 
==332130== 20 bytes in 1 blocks are still reachable in loss record 5 of 17
==332130==    at 0x483E7C5: malloc (vg_replace_malloc.c:380)
==332130==    by 0x10B64C: readFinalInputFile (in /home/joao/.Projects/.GIT/AED/tudo/roap)
==332130==    by 0x109145: main (in /home/joao/.Projects/.GIT/AED/tudo/roap)
==332130== 
==332130== 20 bytes in 1 blocks are still reachable in loss record 6 of 17
==332130==    at 0x483E7C5: malloc (vg_replace_malloc.c:380)
==332130==    by 0x1096B9: algoritmo (in /home/joao/.Projects/.GIT/AED/tudo/roap)
==332130==    by 0x10B7D7: readFinalInputFile (in /home/joao/.Projects/.GIT/AED/tudo/roap)
==332130==    by 0x109145: main (in /home/joao/.Projects/.GIT/AED/tudo/roap)
==332130== 
==332130== 20 bytes in 1 blocks are still reachable in loss record 7 of 17
==332130==    at 0x483E7C5: malloc (vg_replace_malloc.c:380)
==332130==    by 0x1096D1: algoritmo (in /home/joao/.Projects/.GIT/AED/tudo/roap)
==332130==    by 0x10B7D7: readFinalInputFile (in /home/joao/.Projects/.GIT/AED/tudo/roap)
==332130==    by 0x109145: main (in /home/joao/.Projects/.GIT/AED/tudo/roap)
==332130== 
==332130== 24 bytes in 1 blocks are still reachable in loss record 8 of 17
==332130==    at 0x483E7C5: malloc (vg_replace_malloc.c:380)
==332130==    by 0x109D72: cLineOptions (in /home/joao/.Projects/.GIT/AED/tudo/roap)
==332130==    by 0x109116: main (in /home/joao/.Projects/.GIT/AED/tudo/roap)
==332130== 
==332130== 40 bytes in 1 blocks are still reachable in loss record 9 of 17
==332130==    at 0x483E7C5: malloc (vg_replace_malloc.c:380)
==332130==    by 0x10A30D: graphInit (in /home/joao/.Projects/.GIT/AED/tudo/roap)
==332130==    by 0x10B7AC: readFinalInputFile (in /home/joao/.Projects/.GIT/AED/tudo/roap)
==332130==    by 0x109145: main (in /home/joao/.Projects/.GIT/AED/tudo/roap)
==332130== 
==332130== 48 bytes in 2 blocks are still reachable in loss record 10 of 17
==332130==    at 0x483E7C5: malloc (vg_replace_malloc.c:380)
==332130==    by 0x10A3FC: graphInsertE (in /home/joao/.Projects/.GIT/AED/tudo/roap)
==332130==    by 0x10AE2F: fillGraph (in /home/joao/.Projects/.GIT/AED/tudo/roap)
==332130==    by 0x10B7CF: readFinalInputFile (in /home/joao/.Projects/.GIT/AED/tudo/roap)
==332130==    by 0x109145: main (in /home/joao/.Projects/.GIT/AED/tudo/roap)
==332130== 
==332130== 48 bytes in 2 blocks are still reachable in loss record 11 of 17
==332130==    at 0x483E7C5: malloc (vg_replace_malloc.c:380)
==332130==    by 0x10A41D: graphInsertE (in /home/joao/.Projects/.GIT/AED/tudo/roap)
==332130==    by 0x10AE2F: fillGraph (in /home/joao/.Projects/.GIT/AED/tudo/roap)
==332130==    by 0x10B7CF: readFinalInputFile (in /home/joao/.Projects/.GIT/AED/tudo/roap)
==332130==    by 0x109145: main (in /home/joao/.Projects/.GIT/AED/tudo/roap)
==332130== 
==332130== 132 bytes in 1 blocks are still reachable in loss record 12 of 17
==332130==    at 0x483E7C5: malloc (vg_replace_malloc.c:380)
==332130==    by 0x10B6AF: readFinalInputFile (in /home/joao/.Projects/.GIT/AED/tudo/roap)
==332130==    by 0x109145: main (in /home/joao/.Projects/.GIT/AED/tudo/roap)
==332130== 
==332130== 144 bytes in 6 blocks are still reachable in loss record 13 of 17
==332130==    at 0x483E7C5: malloc (vg_replace_malloc.c:380)
==332130==    by 0x10A3FC: graphInsertE (in /home/joao/.Projects/.GIT/AED/tudo/roap)
==332130==    by 0x10ADE4: fillGraph (in /home/joao/.Projects/.GIT/AED/tudo/roap)
==332130==    by 0x10B7CF: readFinalInputFile (in /home/joao/.Projects/.GIT/AED/tudo/roap)
==332130==    by 0x109145: main (in /home/joao/.Projects/.GIT/AED/tudo/roap)
==332130== 
==332130== 144 bytes in 6 blocks are still reachable in loss record 14 of 17
==332130==    at 0x483E7C5: malloc (vg_replace_malloc.c:380)
==332130==    by 0x10A41D: graphInsertE (in /home/joao/.Projects/.GIT/AED/tudo/roap)
==332130==    by 0x10ADE4: fillGraph (in /home/joao/.Projects/.GIT/AED/tudo/roap)
==332130==    by 0x10B7CF: readFinalInputFile (in /home/joao/.Projects/.GIT/AED/tudo/roap)
==332130==    by 0x109145: main (in /home/joao/.Projects/.GIT/AED/tudo/roap)
==332130== 
==332130== 400 bytes in 1 blocks are still reachable in loss record 15 of 17
==332130==    at 0x483E7C5: malloc (vg_replace_malloc.c:380)
==332130==    by 0x10B6E3: readFinalInputFile (in /home/joao/.Projects/.GIT/AED/tudo/roap)
==332130==    by 0x109145: main (in /home/joao/.Projects/.GIT/AED/tudo/roap)
==332130== 
==332130== 472 bytes in 1 blocks are still reachable in loss record 16 of 17
==332130==    at 0x483E7C5: malloc (vg_replace_malloc.c:380)
==332130==    by 0x4A30FDE: __fopen_internal (in /usr/lib/libc-2.33.so)
==332130==    by 0x109129: main (in /home/joao/.Projects/.GIT/AED/tudo/roap)
==332130== 
==332130== 472 bytes in 1 blocks are still reachable in loss record 17 of 17
==332130==    at 0x483E7C5: malloc (vg_replace_malloc.c:380)
==332130==    by 0x4A30FDE: __fopen_internal (in /usr/lib/libc-2.33.so)
==332130==    by 0x109A21: writeSolution (in /home/joao/.Projects/.GIT/AED/tudo/roap)
==332130==    by 0x10B81A: readFinalInputFile (in /home/joao/.Projects/.GIT/AED/tudo/roap)
==332130==    by 0x109145: main (in /home/joao/.Projects/.GIT/AED/tudo/roap)
==332130== 
==332130== LEAK SUMMARY:
==332130==    definitely lost: 0 bytes in 0 blocks
==332130==    indirectly lost: 0 bytes in 0 blocks
==332130==      possibly lost: 0 bytes in 0 blocks
==332130==    still reachable: 2,045 bytes in 29 blocks
==332130==         suppressed: 0 bytes in 0 blocks
==332130== 
==332130== ERROR SUMMARY: 3 errors from 3 contexts (suppressed: 0 from 0)
==332130== 
==332130== 1 errors in context 1 of 3:
==332130== Invalid read of size 4
==332130==    at 0x1098DA: printRecursivo (in /home/joao/.Projects/.GIT/AED/tudo/roap)
==332130==    by 0x109A9A: writeSolution (in /home/joao/.Projects/.GIT/AED/tudo/roap)
==332130==    by 0x10B81A: readFinalInputFile (in /home/joao/.Projects/.GIT/AED/tudo/roap)
==332130==    by 0x109145: main (in /home/joao/.Projects/.GIT/AED/tudo/roap)
==332130==  Address 0x4b8d77c is 4 bytes before a block of size 20 alloc'd
==332130==    at 0x483E7C5: malloc (vg_replace_malloc.c:380)
==332130==    by 0x1096D1: algoritmo (in /home/joao/.Projects/.GIT/AED/tudo/roap)
==332130==    by 0x10B7D7: readFinalInputFile (in /home/joao/.Projects/.GIT/AED/tudo/roap)
==332130==    by 0x109145: main (in /home/joao/.Projects/.GIT/AED/tudo/roap)
==332130== 
==332130== 
==332130== 1 errors in context 2 of 3:
==332130== Invalid read of size 4
==332130==    at 0x109A65: writeSolution (in /home/joao/.Projects/.GIT/AED/tudo/roap)
==332130==    by 0x10B81A: readFinalInputFile (in /home/joao/.Projects/.GIT/AED/tudo/roap)
==332130==    by 0x109145: main (in /home/joao/.Projects/.GIT/AED/tudo/roap)
==332130==  Address 0x4b8d77c is 4 bytes before a block of size 20 alloc'd
==332130==    at 0x483E7C5: malloc (vg_replace_malloc.c:380)
==332130==    by 0x1096D1: algoritmo (in /home/joao/.Projects/.GIT/AED/tudo/roap)
==332130==    by 0x10B7D7: readFinalInputFile (in /home/joao/.Projects/.GIT/AED/tudo/roap)
==332130==    by 0x109145: main (in /home/joao/.Projects/.GIT/AED/tudo/roap)
==332130== 
==332130== 
==332130== 1 errors in context 3 of 3:
==332130== Invalid read of size 4
==332130==    at 0x109A19: writeSolution (in /home/joao/.Projects/.GIT/AED/tudo/roap)
==332130==    by 0x10B81A: readFinalInputFile (in /home/joao/.Projects/.GIT/AED/tudo/roap)
==332130==    by 0x109145: main (in /home/joao/.Projects/.GIT/AED/tudo/roap)
==332130==  Address 0x4b8d71c is 4 bytes before a block of size 20 alloc'd
==332130==    at 0x483E7C5: malloc (vg_replace_malloc.c:380)
==332130==    by 0x1096B9: algoritmo (in /home/joao/.Projects/.GIT/AED/tudo/roap)
==332130==    by 0x10B7D7: readFinalInputFile (in /home/joao/.Projects/.GIT/AED/tudo/roap)
==332130==    by 0x109145: main (in /home/joao/.Projects/.GIT/AED/tudo/roap)
==332130== 
==332130== ERROR SUMMARY: 3 errors from 3 contexts (suppressed: 0 from 0)
