==155627== Memcheck, a memory error detector
==155627== Copyright (C) 2002-2017, and GNU GPL'd, by Julian Seward et al.
==155627== Using Valgrind-3.17.0 and LibVEX; rerun with -h for copyright info
==155627== Command: ./roap small18.in
==155627== Parent PID: 155310
==155627== 
==155627== 
==155627== HEAP SUMMARY:
==155627==     in use at exit: 404 bytes in 1 blocks
==155627==   total heap usage: 18,291 allocs, 18,290 frees, 336,927 bytes allocated
==155627== 
==155627== 404 bytes in 1 blocks are definitely lost in loss record 1 of 1
==155627==    at 0x48435FF: calloc (vg_replace_malloc.c:1117)
==155627==    by 0x10D3CA: getGraph (readFinalInputFile.c:487)
==155627==    by 0x10EEFF: experimental (readFinalInputFile.c:901)
==155627==    by 0x10BDEC: readFinalInputFile (readFinalInputFile.c:101)
==155627==    by 0x10B4B9: main (main.c:19)
==155627== 
==155627== LEAK SUMMARY:
==155627==    definitely lost: 404 bytes in 1 blocks
==155627==    indirectly lost: 0 bytes in 0 blocks
==155627==      possibly lost: 0 bytes in 0 blocks
==155627==    still reachable: 0 bytes in 0 blocks
==155627==         suppressed: 0 bytes in 0 blocks
==155627== 
==155627== ERROR SUMMARY: 1 errors from 1 contexts (suppressed: 0 from 0)
