==155653== Memcheck, a memory error detector
==155653== Copyright (C) 2002-2017, and GNU GPL'd, by Julian Seward et al.
==155653== Using Valgrind-3.17.0 and LibVEX; rerun with -h for copyright info
==155653== Command: ./roap small23.in
==155653== Parent PID: 155310
==155653== 
==155653== 
==155653== HEAP SUMMARY:
==155653==     in use at exit: 404 bytes in 1 blocks
==155653==   total heap usage: 18,291 allocs, 18,290 frees, 336,927 bytes allocated
==155653== 
==155653== 404 bytes in 1 blocks are definitely lost in loss record 1 of 1
==155653==    at 0x48435FF: calloc (vg_replace_malloc.c:1117)
==155653==    by 0x10D3CA: getGraph (readFinalInputFile.c:487)
==155653==    by 0x10EEFF: experimental (readFinalInputFile.c:901)
==155653==    by 0x10BDEC: readFinalInputFile (readFinalInputFile.c:101)
==155653==    by 0x10B4B9: main (main.c:19)
==155653== 
==155653== LEAK SUMMARY:
==155653==    definitely lost: 404 bytes in 1 blocks
==155653==    indirectly lost: 0 bytes in 0 blocks
==155653==      possibly lost: 0 bytes in 0 blocks
==155653==    still reachable: 0 bytes in 0 blocks
==155653==         suppressed: 0 bytes in 0 blocks
==155653== 
==155653== ERROR SUMMARY: 1 errors from 1 contexts (suppressed: 0 from 0)
