==155398== Memcheck, a memory error detector
==155398== Copyright (C) 2002-2017, and GNU GPL'd, by Julian Seward et al.
==155398== Using Valgrind-3.17.0 and LibVEX; rerun with -h for copyright info
==155398== Command: ./roap enunciado105.in
==155398== Parent PID: 155310
==155398== 
==155398== 
==155398== HEAP SUMMARY:
==155398==     in use at exit: 40 bytes in 1 blocks
==155398==   total heap usage: 92 allocs, 91 frees, 11,853 bytes allocated
==155398== 
==155398== 40 bytes in 1 blocks are definitely lost in loss record 1 of 1
==155398==    at 0x48435FF: calloc (vg_replace_malloc.c:1117)
==155398==    by 0x10D3CA: getGraph (readFinalInputFile.c:487)
==155398==    by 0x10EEFF: experimental (readFinalInputFile.c:901)
==155398==    by 0x10BDEC: readFinalInputFile (readFinalInputFile.c:101)
==155398==    by 0x10B4B9: main (main.c:19)
==155398== 
==155398== LEAK SUMMARY:
==155398==    definitely lost: 40 bytes in 1 blocks
==155398==    indirectly lost: 0 bytes in 0 blocks
==155398==      possibly lost: 0 bytes in 0 blocks
==155398==    still reachable: 0 bytes in 0 blocks
==155398==         suppressed: 0 bytes in 0 blocks
==155398== 
==155398== ERROR SUMMARY: 1 errors from 1 contexts (suppressed: 0 from 0)
