==321462== Memcheck, a memory error detector
==321462== Copyright (C) 2002-2017, and GNU GPL'd, by Julian Seward et al.
==321462== Using Valgrind-3.17.0 and LibVEX; rerun with -h for copyright info
==321462== Command: ./roap small25.in
==321462== Parent PID: 321272
==321462== 
==321462== 
==321462== HEAP SUMMARY:
==321462==     in use at exit: 5,696 bytes in 3 blocks
==321462==   total heap usage: 49,951 allocs, 49,948 frees, 2,344,551 bytes allocated
==321462== 
==321462== 472 bytes in 1 blocks are still reachable in loss record 1 of 3
==321462==    at 0x483E7C5: malloc (vg_replace_malloc.c:380)
==321462==    by 0x4A30FDE: __fopen_internal (in /usr/lib/libc-2.33.so)
==321462==    by 0x109A1D: writeSolution (in /home/joao/.Projects/.GIT/AED/small/roap)
==321462==    by 0x10B7D8: readFinalInputFile (in /home/joao/.Projects/.GIT/AED/small/roap)
==321462==    by 0x109145: main (in /home/joao/.Projects/.GIT/AED/small/roap)
==321462== 
==321462== 2,612 bytes in 1 blocks are definitely lost in loss record 2 of 3
==321462==    at 0x483E7C5: malloc (vg_replace_malloc.c:380)
==321462==    by 0x1096B9: algoritmo (in /home/joao/.Projects/.GIT/AED/small/roap)
==321462==    by 0x10B7A7: readFinalInputFile (in /home/joao/.Projects/.GIT/AED/small/roap)
==321462==    by 0x109145: main (in /home/joao/.Projects/.GIT/AED/small/roap)
==321462== 
==321462== 2,612 bytes in 1 blocks are definitely lost in loss record 3 of 3
==321462==    at 0x483E7C5: malloc (vg_replace_malloc.c:380)
==321462==    by 0x1096D1: algoritmo (in /home/joao/.Projects/.GIT/AED/small/roap)
==321462==    by 0x10B7A7: readFinalInputFile (in /home/joao/.Projects/.GIT/AED/small/roap)
==321462==    by 0x109145: main (in /home/joao/.Projects/.GIT/AED/small/roap)
==321462== 
==321462== LEAK SUMMARY:
==321462==    definitely lost: 5,224 bytes in 2 blocks
==321462==    indirectly lost: 0 bytes in 0 blocks
==321462==      possibly lost: 0 bytes in 0 blocks
==321462==    still reachable: 472 bytes in 1 blocks
==321462==         suppressed: 0 bytes in 0 blocks
==321462== 
==321462== ERROR SUMMARY: 2 errors from 2 contexts (suppressed: 0 from 0)
