==321433== Memcheck, a memory error detector
==321433== Copyright (C) 2002-2017, and GNU GPL'd, by Julian Seward et al.
==321433== Using Valgrind-3.17.0 and LibVEX; rerun with -h for copyright info
==321433== Command: ./roap small20.in
==321433== Parent PID: 321272
==321433== 
==321433== 
==321433== HEAP SUMMARY:
==321433==     in use at exit: 5,696 bytes in 3 blocks
==321433==   total heap usage: 3,896 allocs, 3,893 frees, 149,375 bytes allocated
==321433== 
==321433== 472 bytes in 1 blocks are still reachable in loss record 1 of 3
==321433==    at 0x483E7C5: malloc (vg_replace_malloc.c:380)
==321433==    by 0x4A30FDE: __fopen_internal (in /usr/lib/libc-2.33.so)
==321433==    by 0x109A1D: writeSolution (in /home/joao/.Projects/.GIT/AED/small/roap)
==321433==    by 0x10B7D8: readFinalInputFile (in /home/joao/.Projects/.GIT/AED/small/roap)
==321433==    by 0x109145: main (in /home/joao/.Projects/.GIT/AED/small/roap)
==321433== 
==321433== 2,612 bytes in 1 blocks are still reachable in loss record 2 of 3
==321433==    at 0x483E7C5: malloc (vg_replace_malloc.c:380)
==321433==    by 0x1096B9: algoritmo (in /home/joao/.Projects/.GIT/AED/small/roap)
==321433==    by 0x10B7A7: readFinalInputFile (in /home/joao/.Projects/.GIT/AED/small/roap)
==321433==    by 0x109145: main (in /home/joao/.Projects/.GIT/AED/small/roap)
==321433== 
==321433== 2,612 bytes in 1 blocks are still reachable in loss record 3 of 3
==321433==    at 0x483E7C5: malloc (vg_replace_malloc.c:380)
==321433==    by 0x1096D1: algoritmo (in /home/joao/.Projects/.GIT/AED/small/roap)
==321433==    by 0x10B7A7: readFinalInputFile (in /home/joao/.Projects/.GIT/AED/small/roap)
==321433==    by 0x109145: main (in /home/joao/.Projects/.GIT/AED/small/roap)
==321433== 
==321433== LEAK SUMMARY:
==321433==    definitely lost: 0 bytes in 0 blocks
==321433==    indirectly lost: 0 bytes in 0 blocks
==321433==      possibly lost: 0 bytes in 0 blocks
==321433==    still reachable: 5,696 bytes in 3 blocks
==321433==         suppressed: 0 bytes in 0 blocks
==321433== 
==321433== ERROR SUMMARY: 0 errors from 0 contexts (suppressed: 0 from 0)
